<?xml version="1.0" encoding="UTF-8"?>
<!-- Generated by org.testng.reporters.JUnitXMLReporter -->
<testsuite hostname="ISU1SWT15-PC" name="UserRM" tests="13" failures="0" timestamp="7 Jul 2018 09:59:54 GMT" time="133.524" errors="0">
  <testcase name="UserRegistration" time="7.957" classname="CMSBenz.Register"/>
  <testcase name="invaildregistration" time="26.294" classname="CMSBenz.Register"/>
  <testcase name="Emptyregistration" time="25.535" classname="CMSBenz.Register"/>
  <testcase name="cancelregistration" time="4.086" classname="CMSBenz.Register"/>
  <testcase name="masterLogin" time="3.522" classname="CMSBenz.Master"/>
  <testcase name="designation" time="8.277" classname="CMSBenz.Master"/>
  <testcase name="lounge" time="5.304" classname="CMSBenz.Master"/>
  <testcase name="appointmentType" time="5.214" classname="CMSBenz.Master"/>
  <testcase name="enquiryType" time="7.605" classname="CMSBenz.Master"/>
  <testcase name="productGroup" time="7.532" classname="CMSBenz.Master"/>
  <testcase name="productName" time="7.599" classname="CMSBenz.Master"/>
  <testcase name="outlet" time="3.294" classname="CMSBenz.Master"/>
  <testcase name="exportHelp" time="3.287" classname="CMSBenz.Master"/>
</testsuite> <!-- UserRM -->
