<?xml version="1.0" encoding="UTF-8"?>
<!-- Generated by org.testng.reporters.JUnitXMLReporter -->
<testsuite hostname="ISU1SWT15-PC" name="Default test" tests="4" failures="0" timestamp="7 Jul 2018 09:39:05 GMT" time="72.899" errors="0">
  <testcase name="UserRegistration" time="7.36" classname="CMSBenz.Register"/>
  <testcase name="invaildregistration" time="25.572" classname="CMSBenz.Register"/>
  <testcase name="Emptyregistration" time="25.404" classname="CMSBenz.Register"/>
  <testcase name="cancelregistration" time="4.0" classname="CMSBenz.Register"/>
</testsuite> <!-- Default test -->
