<?xml version="1.0" encoding="UTF-8"?>
<testng-results skipped="0" failed="0" total="13" passed="13">
  <reporter-output>
  </reporter-output>
  <suite name="Suite" duration-ms="133524" started-at="2018-07-07T09:57:41Z" finished-at="2018-07-07T09:59:54Z">
    <groups>
    </groups>
    <test name="UserRM" duration-ms="133524" started-at="2018-07-07T09:57:41Z" finished-at="2018-07-07T09:59:54Z">
      <class name="CMSBenz.Register">
        <test-method status="PASS" signature="UserRegistration()[pri:0, instance:CMSBenz.Register@39aeed2f]" name="UserRegistration" duration-ms="7957" started-at="2018-07-07T15:27:53Z" finished-at="2018-07-07T15:28:01Z">
          <reporter-output>
          </reporter-output>
        </test-method> <!-- UserRegistration -->
        <test-method status="PASS" signature="invaildregistration()[pri:0, instance:CMSBenz.Register@39aeed2f]" name="invaildregistration" duration-ms="26294" started-at="2018-07-07T15:28:01Z" finished-at="2018-07-07T15:28:28Z">
          <reporter-output>
          </reporter-output>
        </test-method> <!-- invaildregistration -->
        <test-method status="PASS" signature="Emptyregistration()[pri:0, instance:CMSBenz.Register@39aeed2f]" name="Emptyregistration" duration-ms="25535" started-at="2018-07-07T15:28:28Z" finished-at="2018-07-07T15:28:53Z">
          <reporter-output>
          </reporter-output>
        </test-method> <!-- Emptyregistration -->
        <test-method status="PASS" signature="cancelregistration()[pri:0, instance:CMSBenz.Register@39aeed2f]" name="cancelregistration" duration-ms="4086" started-at="2018-07-07T15:28:53Z" finished-at="2018-07-07T15:28:57Z">
          <reporter-output>
          </reporter-output>
        </test-method> <!-- cancelregistration -->
        <test-method status="PASS" signature="closeBrowser()[pri:0, instance:CMSBenz.Register@39aeed2f]" name="closeBrowser" is-config="true" duration-ms="5377" started-at="2018-07-07T15:29:49Z" finished-at="2018-07-07T15:29:54Z">
          <reporter-output>
          </reporter-output>
        </test-method> <!-- closeBrowser -->
      </class> <!-- CMSBenz.Register -->
      <class name="CMSBenz.Master">
        <test-method status="PASS" signature="loadBrowser()[pri:0, instance:CMSBenz.Master@5419f379]" name="loadBrowser" is-config="true" duration-ms="6277" started-at="2018-07-07T15:27:41Z" finished-at="2018-07-07T15:27:47Z">
          <reporter-output>
          </reporter-output>
        </test-method> <!-- loadBrowser -->
        <test-method status="PASS" signature="loadBrowserr()[pri:0, instance:CMSBenz.Register@39aeed2f]" name="loadBrowserr" is-config="true" duration-ms="6327" started-at="2018-07-07T15:27:47Z" finished-at="2018-07-07T15:27:53Z">
          <reporter-output>
          </reporter-output>
        </test-method> <!-- loadBrowserr -->
        <test-method status="PASS" signature="masterLogin()[pri:0, instance:CMSBenz.Master@5419f379]" name="masterLogin" duration-ms="3522" started-at="2018-07-07T15:28:57Z" finished-at="2018-07-07T15:29:01Z">
          <reporter-output>
          </reporter-output>
        </test-method> <!-- masterLogin -->
        <test-method status="PASS" signature="designation()[pri:0, instance:CMSBenz.Master@5419f379]" name="designation" duration-ms="8277" started-at="2018-07-07T15:29:01Z" finished-at="2018-07-07T15:29:09Z">
          <reporter-output>
          </reporter-output>
        </test-method> <!-- designation -->
        <test-method status="PASS" signature="lounge()[pri:0, instance:CMSBenz.Master@5419f379]" name="lounge" duration-ms="5304" started-at="2018-07-07T15:29:09Z" finished-at="2018-07-07T15:29:14Z">
          <reporter-output>
          </reporter-output>
        </test-method> <!-- lounge -->
        <test-method status="PASS" signature="appointmentType()[pri:0, instance:CMSBenz.Master@5419f379]" name="appointmentType" duration-ms="5214" started-at="2018-07-07T15:29:14Z" finished-at="2018-07-07T15:29:20Z">
          <reporter-output>
          </reporter-output>
        </test-method> <!-- appointmentType -->
        <test-method status="PASS" signature="enquiryType()[pri:0, instance:CMSBenz.Master@5419f379]" name="enquiryType" duration-ms="7605" started-at="2018-07-07T15:29:20Z" finished-at="2018-07-07T15:29:27Z">
          <reporter-output>
          </reporter-output>
        </test-method> <!-- enquiryType -->
        <test-method status="PASS" signature="productGroup()[pri:0, instance:CMSBenz.Master@5419f379]" name="productGroup" duration-ms="7532" started-at="2018-07-07T15:29:27Z" finished-at="2018-07-07T15:29:35Z">
          <reporter-output>
          </reporter-output>
        </test-method> <!-- productGroup -->
        <test-method status="PASS" signature="productName()[pri:0, instance:CMSBenz.Master@5419f379]" name="productName" duration-ms="7599" started-at="2018-07-07T15:29:35Z" finished-at="2018-07-07T15:29:42Z">
          <reporter-output>
          </reporter-output>
        </test-method> <!-- productName -->
        <test-method status="PASS" signature="outlet()[pri:0, instance:CMSBenz.Master@5419f379]" name="outlet" duration-ms="3294" started-at="2018-07-07T15:29:42Z" finished-at="2018-07-07T15:29:46Z">
          <reporter-output>
          </reporter-output>
        </test-method> <!-- outlet -->
        <test-method status="PASS" signature="exportHelp()[pri:0, instance:CMSBenz.Master@5419f379]" name="exportHelp" duration-ms="3287" started-at="2018-07-07T15:29:46Z" finished-at="2018-07-07T15:29:49Z">
          <reporter-output>
          </reporter-output>
        </test-method> <!-- exportHelp -->
      </class> <!-- CMSBenz.Master -->
    </test> <!-- UserRM -->
  </suite> <!-- Suite -->
</testng-results>
