<?xml version="1.0" encoding="UTF-8"?>
<!-- Generated by org.testng.reporters.JUnitXMLReporter -->
<testsuite hostname="ISU1SWT15-PC" name="Default test" tests="4" failures="0" timestamp="4 Jul 2018 09:28:06 GMT" time="35.847" errors="0">
  <testcase name="login_TC001" time="7.437" classname="CMSBenz.Login"/>
  <testcase name="invalid_login_TC002" time="6.419" classname="CMSBenz.Login"/>
  <testcase name="invalid_login_TC003" time="6.218" classname="CMSBenz.Login"/>
  <testcase name="valid_login_TC004" time="7.387" classname="CMSBenz.Login"/>
</testsuite> <!-- Default test -->
