<?xml version="1.0" encoding="UTF-8"?>
<!-- Generated by org.testng.reporters.JUnitXMLReporter -->
<testsuite hostname="ISU1SWT15-PC" name="LoginCases(failed)" tests="4" failures="0" timestamp="7 Jul 2018 09:35:12 GMT" time="73.186" errors="0">
  <testcase name="UserRegistration" time="7.407" classname="CMSBenz.Register"/>
  <testcase name="invaildregistration" time="25.657" classname="CMSBenz.Register"/>
  <testcase name="Emptyregistration" time="25.339" classname="CMSBenz.Register"/>
  <testcase name="cancelregistration" time="4.016" classname="CMSBenz.Register"/>
</testsuite> <!-- LoginCases(failed) -->
